0 info it worked if it ends with ok
1 verbose cli [ '/usr/bin/node',
1 verbose cli   '/usr/bin/npm',
1 verbose cli   'run',
1 verbose cli   'json-server',
1 verbose cli   'db.json' ]
2 info using npm@3.5.2
3 info using node@v8.10.0
4 verbose run-script [ 'prejson-server', 'json-server', 'postjson-server' ]
5 info lifecycle zombiee@1.0.0~prejson-server: zombiee@1.0.0
6 silly lifecycle zombiee@1.0.0~prejson-server: no script for prejson-server, continuing
7 info lifecycle zombiee@1.0.0~json-server: zombiee@1.0.0
8 verbose lifecycle zombiee@1.0.0~json-server: unsafe-perm in lifecycle true
9 verbose lifecycle zombiee@1.0.0~json-server: PATH: /usr/share/npm/bin/node-gyp-bin:/home/stackroute/Documents/Projects/zombiee/node_modules/.bin:/usr/local/sbin:/usr/local/bin:/usr/sbin:/usr/bin:/sbin:/bin:/usr/games:/usr/local/games:/snap/bin
10 verbose lifecycle zombiee@1.0.0~json-server: CWD: /home/stackroute/Documents/Projects/zombiee
11 silly lifecycle zombiee@1.0.0~json-server: Args: [ '-c', 'json-server "db.json"' ]
12 silly lifecycle zombiee@1.0.0~json-server: Returned: code: 1  signal: null
13 info lifecycle zombiee@1.0.0~json-server: Failed to exec json-server script
14 verbose stack Error: zombiee@1.0.0 json-server: `json-server "db.json"`
14 verbose stack Exit status 1
14 verbose stack     at EventEmitter.<anonymous> (/usr/share/npm/lib/utils/lifecycle.js:232:16)
14 verbose stack     at emitTwo (events.js:126:13)
14 verbose stack     at EventEmitter.emit (events.js:214:7)
14 verbose stack     at ChildProcess.<anonymous> (/usr/share/npm/lib/utils/spawn.js:24:14)
14 verbose stack     at emitTwo (events.js:126:13)
14 verbose stack     at ChildProcess.emit (events.js:214:7)
14 verbose stack     at maybeClose (internal/child_process.js:925:16)
14 verbose stack     at Process.ChildProcess._handle.onexit (internal/child_process.js:209:5)
15 verbose pkgid zombiee@1.0.0
16 verbose cwd /home/stackroute/Documents/Projects/zombiee
17 error Linux 4.15.0-45-generic
18 error argv "/usr/bin/node" "/usr/bin/npm" "run" "json-server" "db.json"
19 error node v8.10.0
20 error npm  v3.5.2
21 error code ELIFECYCLE
22 error zombiee@1.0.0 json-server: `json-server "db.json"`
22 error Exit status 1
23 error Failed at the zombiee@1.0.0 json-server script 'json-server "db.json"'.
23 error Make sure you have the latest version of node.js and npm installed.
23 error If you do, this is most likely a problem with the zombiee package,
23 error not with npm itself.
23 error Tell the author that this fails on your system:
23 error     json-server "db.json"
23 error You can get information on how to open an issue for this project with:
23 error     npm bugs zombiee
23 error Or if that isn't available, you can get their info via:
23 error     npm owner ls zombiee
23 error There is likely additional logging output above.
24 verbose exit [ 1, true ]
